%!Adobe-FontList 1.23
%Locale:0x409

%BeginFont
Handler:DirectoryHandler
FontType:Type1
FontName:ACaslonPro-Italic
FamilyName:Adobe Caslon Pro
StyleName:Italic
MenuName:Adobe Caslon Pro
StyleBits:1
WeightClass:400
WidthClass:5
AngleClass:1
FullName:Adobe Caslon Pro Italic
WritingScript:Roman
OutlineFileName:/Users/leonardstreich/Something Fantastic Dropbox/Something Fantastic Office Data/294 Charlotte Malterre Barthes/02 EPFL/02 Layouts/01 Identity/07 Templates/01 A4 Aplication Template/SNSF_Riot_A4_V7 Folder/Document fonts/ACaslonPro-Italic.otf
DataFormat:sfntData
UsesStandardEncoding:yes
isCFF:yes
hasSVG:no
VariableFontType:NonVariableFont
FileLength:167264
FileModTime:211115918
NameArray:0,Mac,4,Adobe Caslon Pro Italic
NameArray:0,Win,1,Adobe Caslon Pro
%EndFont

%BeginFont
Handler:DirectoryHandler
FontType:Type1
FontName:ACaslonPro-Regular
FamilyName:Adobe Caslon Pro
StyleName:Regular
MenuName:Adobe Caslon Pro
StyleBits:0
WeightClass:400
WidthClass:5
AngleClass:0
FullName:Adobe Caslon Pro
WritingScript:Roman
OutlineFileName:/Users/leonardstreich/Something Fantastic Dropbox/Something Fantastic Office Data/294 Charlotte Malterre Barthes/02 EPFL/02 Layouts/01 Identity/07 Templates/01 A4 Aplication Template/SNSF_Riot_A4_V7 Folder/Document fonts/ACaslonPro-Regular.otf
DataFormat:sfntData
UsesStandardEncoding:yes
isCFF:yes
hasSVG:no
VariableFontType:NonVariableFont
FileLength:161820
FileModTime:211115918
NameArray:0,Mac,4,Adobe Caslon Pro
NameArray:0,Win,1,Adobe Caslon Pro
%EndFont

%BeginFont
Handler:DirectoryHandler
FontType:Invalid
OutlineFileName:/Users/leonardstreich/Something Fantastic Dropbox/Something Fantastic Office Data/294 Charlotte Malterre Barthes/02 EPFL/02 Layouts/01 Identity/07 Templates/01 A4 Aplication Template/SNSF_Riot_A4_V7 Folder/Document fonts/AdobeFnt23.lst
FileLength:2124
FileModTime:696474653
%EndFont

%BeginFont
Handler:DirectoryHandler
FontType:TrueType
FontName:ArialMT
FamilyName:Arial
StyleName:Regular
MenuName:Arial
StyleBits:0
WeightClass:400
WidthClass:5
AngleClass:0
FullName:Arial
WritingScript:Roman
OutlineFileName:/Users/leonardstreich/Something Fantastic Dropbox/Something Fantastic Office Data/294 Charlotte Malterre Barthes/02 EPFL/02 Layouts/01 Identity/07 Templates/01 A4 Aplication Template/SNSF_Riot_A4_V7 Folder/Document fonts/Arial.ttf
DataFormat:sfntData
hasSVG:no
VariableFontType:NonVariableFont
FileLength:773236
FileModTime:696474653
NameArray:0,Mac,4,Arial
NameArray:0,Win,1,Arial
%EndFont

